0 info it worked if it ends with ok
1 verbose cli [ '/home/pbriggeman/.nvm/versions/node/v6.3.1/bin/node',
1 verbose cli   '/home/pbriggeman/.nvm/versions/node/v6.3.1/bin/npm',
1 verbose cli   'start' ]
2 info using npm@3.10.3
3 info using node@v6.3.1
4 verbose run-script [ 'prestart', 'start', 'poststart' ]
5 info lifecycle samples@0.0.1~prestart: samples@0.0.1
6 silly lifecycle samples@0.0.1~prestart: no script for prestart, continuing
7 info lifecycle samples@0.0.1~start: samples@0.0.1
8 verbose lifecycle samples@0.0.1~start: unsafe-perm in lifecycle true
9 verbose lifecycle samples@0.0.1~start: PATH: /home/pbriggeman/.nvm/versions/node/v6.3.1/lib/node_modules/npm/bin/node-gyp-bin:/home/pbriggeman/Projects/samples/node_modules/.bin:/home/pbriggeman/.nvm/versions/node/v6.3.1/bin:/home/pbriggeman/.nvm/versions/node/v6.3.1/bin:/usr/local/sbin:/usr/local/bin:/usr/sbin:/usr/bin:/sbin:/bin:/usr/games:/usr/local/games
10 verbose lifecycle samples@0.0.1~start: CWD: /home/pbriggeman/Projects/samples
11 silly lifecycle samples@0.0.1~start: Args: [ '-c', 'node ./bin/www' ]
12 silly lifecycle samples@0.0.1~start: Returned: code: 1  signal: null
13 info lifecycle samples@0.0.1~start: Failed to exec start script
14 verbose stack Error: samples@0.0.1 start: `node ./bin/www`
14 verbose stack Exit status 1
14 verbose stack     at EventEmitter.<anonymous> (/home/pbriggeman/.nvm/versions/node/v6.3.1/lib/node_modules/npm/lib/utils/lifecycle.js:242:16)
14 verbose stack     at emitTwo (events.js:106:13)
14 verbose stack     at EventEmitter.emit (events.js:191:7)
14 verbose stack     at ChildProcess.<anonymous> (/home/pbriggeman/.nvm/versions/node/v6.3.1/lib/node_modules/npm/lib/utils/spawn.js:40:14)
14 verbose stack     at emitTwo (events.js:106:13)
14 verbose stack     at ChildProcess.emit (events.js:191:7)
14 verbose stack     at maybeClose (internal/child_process.js:852:16)
14 verbose stack     at Process.ChildProcess._handle.onexit (internal/child_process.js:215:5)
15 verbose pkgid samples@0.0.1
16 verbose cwd /home/pbriggeman/Projects/samples
17 error Linux 4.4.0-34-generic
18 error argv "/home/pbriggeman/.nvm/versions/node/v6.3.1/bin/node" "/home/pbriggeman/.nvm/versions/node/v6.3.1/bin/npm" "start"
19 error node v6.3.1
20 error npm  v3.10.3
21 error code ELIFECYCLE
22 error samples@0.0.1 start: `node ./bin/www`
22 error Exit status 1
23 error Failed at the samples@0.0.1 start script 'node ./bin/www'.
23 error Make sure you have the latest version of node.js and npm installed.
23 error If you do, this is most likely a problem with the samples package,
23 error not with npm itself.
23 error Tell the author that this fails on your system:
23 error     node ./bin/www
23 error You can get information on how to open an issue for this project with:
23 error     npm bugs samples
23 error Or if that isn't available, you can get their info via:
23 error     npm owner ls samples
23 error There is likely additional logging output above.
24 verbose exit [ 1, true ]
